
FAILURE: Build failed with an exception.

* Where:
Script '/home/compf/data/uni/master/sem4/data_clump_solver/cloned_projects/scripts/upload.gradle' line: 147

* What went wrong:
A problem occurred evaluating project ':glide'.
> A problem occurred configuring project ':integration:concurrent'.
   > SDK location not found. Define a valid SDK location with an ANDROID_HOME environment variable or by setting the sdk.dir path in your project's local properties file at '/home/compf/data/uni/master/sem4/data_clump_solver/cloned_projects/local.properties'.

* Try:
> Run with --stacktrace option to get the stack trace.
> Run with --info or --debug option to get more log output.
> Run with --scan to get full insights.
> Get more help at https://help.gradle.org.

BUILD FAILED in 59s

Starting a Gradle Daemon, 4 incompatible and 7 stopped Daemons could not be reused, use --status for details
