
FAILURE: Build failed with an exception.

* Where:
Build file '/home/compf/data/uni/master/sem4/data_clump_solver/cloned_projects/build.gradle' line: 73

* What went wrong:
A problem occurred evaluating root project 'cloned_projects'.
> Failed to apply plugin class 'org.gradle.api.plugins.BasePlugin'.
   > No signature of method: org.gradle.api.internal.artifacts.ivyservice.dependencysubstitution.DefaultDependencySubstitutions$1.with() is applicable for argument types: (org.gradle.internal.component.external.model.DefaultModuleComponentSelector) values: [org.codehaus.groovy:groovy:3.0.20]
     Possible solutions: with(groovy.lang.Closure), with(boolean, groovy.lang.Closure), wait(), wait(long), find(), wait(long, int)

* Try:
> Run with --stacktrace option to get the stack trace.
> Run with --info or --debug option to get more log output.
> Get more help at https://help.gradle.org.

BUILD FAILED in 53s

Starting a Gradle Daemon, 5 incompatible Daemons could not be reused, use --status for details
