
FAILURE: Build failed with an exception.

* Where:
Settings file '/home/compf/data/uni/master/sem4/data_clump_solver/cloned_projects/gradle/plugins/settings.gradle.kts' line: 3

* What went wrong:
The JUnit 5 build must be executed with Java 21. Currently executing with Java 19.

* Try:
> Run with --stacktrace option to get the stack trace.
> Run with --info or --debug option to get more log output.
> Run with --scan to get full insights.
> Get more help at https://help.gradle.org.

BUILD FAILED in 16s

Starting a Gradle Daemon, 7 incompatible Daemons could not be reused, use --status for details
