/home/compf/data/uni/master/sem4/data_clump_solver/cloned_projects/commons/src/main/java/io/github/martinwitt/laughing_train/domain/entity/GitHubCommit.java:10: warning: [NullAway] initializer method does not guarantee @NonNull field commitHash (line 8) is initialized along all control-flow paths (remember to check for exceptions or early returns).
  public GitHubCommit() {
         ^
    (see http://t.uber.com/nullaway )
1 warning
/home/compf/data/uni/master/sem4/data_clump_solver/cloned_projects/spoon-analyzer/src/main/java/io/github/martinwitt/spoon_analyzer/PathUtils.java:22: warning: [Var] Non-constant variable missing @Var annotation
      boolean isRedundant = false;
              ^
    (see https://errorprone.info/bugpattern/Var)
  Did you mean '@Var boolean isRedundant = false;'?
/home/compf/data/uni/master/sem4/data_clump_solver/cloned_projects/spoon-analyzer/src/main/java/io/github/martinwitt/spoon_analyzer/badsmells/equals_hashcode/EqualsHashcodeAnalyzer.java:14: warning: [Var] Non-constant variable missing @Var annotation
    boolean hasEquals = false;
            ^
    (see https://errorprone.info/bugpattern/Var)
  Did you mean '@Var boolean hasEquals = false;'?
/home/compf/data/uni/master/sem4/data_clump_solver/cloned_projects/spoon-analyzer/src/main/java/io/github/martinwitt/spoon_analyzer/badsmells/equals_hashcode/EqualsHashcodeAnalyzer.java:15: warning: [Var] Non-constant variable missing @Var annotation
    boolean hasHashcode = false;
            ^
    (see https://errorprone.info/bugpattern/Var)
  Did you mean '@Var boolean hasHashcode = false;'?
Note: /home/compf/data/uni/master/sem4/data_clump_solver/cloned_projects/spoon-analyzer/src/main/java/io/github/martinwitt/spoon_analyzer/badsmells/size_replaceable_by_is_empty/SizeReplaceableByIsEmptyAnalyzer.java uses unchecked or unsafe operations.
Note: Recompile with -Xlint:unchecked for details.
3 warnings
Note: /home/compf/data/uni/master/sem4/data_clump_solver/cloned_projects/spoon-analyzer/src/test/java/io/github/martinwitt/spoon_analyzer/docgen/GenerateBadSmells.java uses unchecked or unsafe operations.
Note: Recompile with -Xlint:unchecked for details.
Note: Some input files use unchecked or unsafe operations.
Note: Recompile with -Xlint:unchecked for details.
Note: /home/compf/data/uni/master/sem4/data_clump_solver/cloned_projects/code-transformation/src/test/java/xyz/keksdose/spoon/code_solver/DocGen.java uses unchecked or unsafe operations.
Note: Recompile with -Xlint:unchecked for details.
/home/compf/data/uni/master/sem4/data_clump_solver/cloned_projects/github-bot/src/main/java/io/github/martinwitt/laughing_train/refactor/RefactorService.java:59: warning: [Var] Non-constant variable missing @Var annotation
    String url = "";
           ^
    (see https://errorprone.info/bugpattern/Var)
  Did you mean '@Var String url = "";'?
/home/compf/data/uni/master/sem4/data_clump_solver/cloned_projects/github-bot/src/main/java/io/github/martinwitt/laughing_train/refactor/RefactorService.java:75: warning: [Var] Non-constant variable missing @Var annotation
      Map.Entry<String, ? extends List<? extends BadSmell>> entry, String url) {
                                                                          ^
    (see https://errorprone.info/bugpattern/Var)
  Did you mean 'Map.Entry<String, ? extends List<? extends BadSmell>> entry, @Var String url) {'?
/home/compf/data/uni/master/sem4/data_clump_solver/cloned_projects/github-bot/src/main/java/io/github/martinwitt/laughing_train/github/GitHubIssueSearch.java:46: warning: [Var] Non-constant variable missing @Var annotation
    GHIssueSearchBuilder issueQueryBuilder = gitHub.searchIssues();
                         ^
    (see https://errorprone.info/bugpattern/Var)
  Did you mean '@Var GHIssueSearchBuilder issueQueryBuilder = gitHub.searchIssues();'?
/home/compf/data/uni/master/sem4/data_clump_solver/cloned_projects/github-bot/src/main/java/io/github/martinwitt/laughing_train/commons/cdi/LoggingInterceptor.java:19: warning: [Var] Non-constant variable missing @Var annotation
    String value = method.getAnnotation(Logged.class).value();
           ^
    (see https://errorprone.info/bugpattern/Var)
  Did you mean '@Var String value = method.getAnnotation(Logged.class).value();'?
/home/compf/data/uni/master/sem4/data_clump_solver/cloned_projects/github-bot/src/main/java/io/github/martinwitt/laughing_train/persistence/dao/ProjectDao.java:18: warning: [NullAway] initializer method does not guarantee @NonNull fields projectName (line 12), projectUrl (line 13), commits (line 15) are initialized along all control-flow paths (remember to check for exceptions or early returns).
  public ProjectDao() {
         ^
    (see http://t.uber.com/nullaway )
/home/compf/data/uni/master/sem4/data_clump_solver/cloned_projects/github-bot/src/main/java/io/github/martinwitt/laughing_train/persistence/dao/GitHubCommitDao.java:16: warning: [NullAway] initializer method does not guarantee @NonNull fields projectDao (line 11), commitHash (line 14) are initialized along all control-flow paths (remember to check for exceptions or early returns).
  public GitHubCommitDao() {
         ^
    (see http://t.uber.com/nullaway )
/home/compf/data/uni/master/sem4/data_clump_solver/cloned_projects/github-bot/src/main/java/io/github/martinwitt/laughing_train/mining/AnalyzerRun.java:110: warning: [Var] Non-constant variable missing @Var annotation
    int result = projectName != null ? projectName.hashCode() : 0;
        ^
    (see https://errorprone.info/bugpattern/Var)
  Did you mean '@Var int result = projectName != null ? projectName.hashCode() : 0;'?
/home/compf/data/uni/master/sem4/data_clump_solver/cloned_projects/github-bot/src/main/java/io/github/martinwitt/laughing_train/mining/api/AnalyzerRunDao.java:18: warning: [NullAway] initializer method does not guarantee @NonNull fields projectName (line 10), projectUrl (line 11), analyzerName (line 12), status (line 13), commitHash (line 15), localDateTime (line 16) are initialized along all control-flow paths (remember to check for exceptions or early returns).
  public AnalyzerRunDao() {
         ^
    (see http://t.uber.com/nullaway )
Note: /home/compf/data/uni/master/sem4/data_clump_solver/cloned_projects/github-bot/src/main/java/io/github/martinwitt/laughing_train/mining/MiningStartup.java uses or overrides a deprecated API.
Note: Recompile with -Xlint:deprecation for details.
8 warnings
Error in method bar: Test

FAILURE: Build failed with an exception.

* What went wrong:
Execution failed for task ':github-bot:quarkusAppPartsBuild'.
> There was a failure while executing work items
   > A failure occurred while executing io.quarkus.gradle.tasks.worker.BuildWorker
      > io.quarkus.builder.BuildException: Build failure: Build failed due to errors
        	[error]: Build step io.quarkus.deployment.steps.ClassTransformingBuildStep#handleClassTransformation threw an exception: java.lang.IllegalStateException: java.util.concurrent.ExecutionException: java.lang.UnsupportedClassVersionError: io/github/martinwitt/laughing_train/data/result/CodeAnalyzerResult$Success has been compiled by a more recent version of the Java Runtime (class file version 65.0), this version of the Java Runtime only recognizes class file versions up to 63.0
        	at io.quarkus.deployment.ExtensionLoader$3.execute(ExtensionLoader.java:858)
        	at io.quarkus.builder.BuildContext.run(BuildContext.java:256)
        	at org.jboss.threads.ContextHandler$1.runWith(ContextHandler.java:18)
        	at org.jboss.threads.EnhancedQueueExecutor$Task.run(EnhancedQueueExecutor.java:2513)
        	at org.jboss.threads.EnhancedQueueExecutor$ThreadBody.run(EnhancedQueueExecutor.java:1538)
        	at java.base/java.lang.Thread.run(Thread.java:1589)
        	at org.jboss.threads.JBossThread.run(JBossThread.java:501)
        Caused by: java.util.concurrent.ExecutionException: java.lang.UnsupportedClassVersionError: io/github/martinwitt/laughing_train/data/result/CodeAnalyzerResult$Success has been compiled by a more recent version of the Java Runtime (class file version 65.0), this version of the Java Runtime only recognizes class file versions up to 63.0
        	at java.base/java.util.concurrent.FutureTask.report(FutureTask.java:122)
        	at java.base/java.util.concurrent.FutureTask.get(FutureTask.java:191)
        	at io.quarkus.deployment.steps.ClassTransformingBuildStep.handleClassTransformation(ClassTransformingBuildStep.java:275)
        	at java.base/jdk.internal.reflect.DirectMethodHandleAccessor.invoke(DirectMethodHandleAccessor.java:104)
        	at java.base/java.lang.reflect.Method.invoke(Method.java:578)
        	at io.quarkus.deployment.ExtensionLoader$3.execute(ExtensionLoader.java:849)
        	... 6 more
        Caused by: java.lang.UnsupportedClassVersionError: io/github/martinwitt/laughing_train/data/result/CodeAnalyzerResult$Success has been compiled by a more recent version of the Java Runtime (class file version 65.0), this version of the Java Runtime only recognizes class file versions up to 63.0
        	at java.base/java.lang.ClassLoader.defineClass1(Native Method)
        	at java.base/java.lang.ClassLoader.defineClass(ClassLoader.java:1013)
        	at io.quarkus.bootstrap.classloading.QuarkusClassLoader.loadClass(QuarkusClassLoader.java:508)
        	at io.quarkus.bootstrap.classloading.QuarkusClassLoader.loadClass(QuarkusClassLoader.java:468)
        	at java.base/java.lang.Class.forName0(Native Method)
        	at java.base/java.lang.Class.forName(Class.java:495)
        	at java.base/java.lang.Class.forName(Class.java:474)
        	at org.objectweb.asm.ClassWriter.getCommonSuperClass(ClassWriter.java:1044)
        	at org.objectweb.asm.SymbolTable.addMergedType(SymbolTable.java:1264)
        	at org.objectweb.asm.Frame.merge(Frame.java:1311)
        	at org.objectweb.asm.Frame.merge(Frame.java:1208)
        	at org.objectweb.asm.MethodWriter.computeAllFrames(MethodWriter.java:1612)
        	at org.objectweb.asm.MethodWriter.visitMaxs(MethodWriter.java:1548)
        	at org.objectweb.asm.MethodVisitor.visitMaxs(MethodVisitor.java:786)
        	at org.objectweb.asm.ClassReader.readCode(ClassReader.java:2667)
        	at org.objectweb.asm.ClassReader.readMethod(ClassReader.java:1515)
        	at org.objectweb.asm.ClassReader.accept(ClassReader.java:745)
        	at org.objectweb.asm.ClassReader.accept(ClassReader.java:425)
        	at io.quarkus.deployment.steps.ClassTransformingBuildStep.transformClass(ClassTransformingBuildStep.java:369)
        	at io.quarkus.deployment.steps.ClassTransformingBuildStep$2.call(ClassTransformingBuildStep.java:240)
        	at io.quarkus.deployment.steps.ClassTransformingBuildStep$2.call(ClassTransformingBuildStep.java:227)
        	at java.base/java.util.concurrent.FutureTask.run(FutureTask.java:317)
        	... 5 more


* Try:
> Run with --stacktrace option to get the stack trace.
> Run with --info or --debug option to get more log output.
> Run with --scan to get full insights.
> Get more help at https://help.gradle.org.

BUILD FAILED in 5m 59s

Starting a Gradle Daemon, 5 incompatible Daemons could not be reused, use --status for details
> Task :buildSrc:extractPluginRequests
> Task :buildSrc:generatePluginAdapters
> Task :buildSrc:compileJava
> Task :buildSrc:compileGroovy NO-SOURCE
> Task :buildSrc:compileGroovyPlugins
> Task :buildSrc:pluginDescriptors
> Task :buildSrc:processResources
> Task :buildSrc:classes
> Task :buildSrc:jar

> Configure project :code-transformation
Jandex Gradle plugin 1.1.0. Consider becoming a patron at https://www.patreon.com/aalmiray

> Task :spoon-analyzer:processResources NO-SOURCE
> Task :spoon-analyzer:processTestResources NO-SOURCE
> Task :github-bot:processResources
> Task :github-bot:compileQuarkusGeneratedSourcesJava NO-SOURCE
> Task :code-transformation:processResources
> Task :github-bot:compileQuarkusTestGeneratedSourcesJava NO-SOURCE
> Task :github-bot:processTestResources NO-SOURCE
> Task :spotlessInternalRegisterDependencies
> Task :code-transformation:processTestResources
> Task :spoon-analyzer:spotlessGroovyGradle
> Task :github-bot:spotlessGroovyGradle
> Task :code-transformation:spotlessGroovyGradle
> Task :spoon-analyzer:spotlessGroovyGradleCheck
> Task :code-transformation:spotlessGroovyGradleCheck
> Task :github-bot:spotlessGroovyGradleCheck
> Task :github-bot:spotlessMisc
> Task :github-bot:spotlessMiscCheck
> Task :spoon-analyzer:spotlessJava
> Task :spoon-analyzer:spotlessJavaCheck
> Task :spoon-analyzer:spotlessMisc FROM-CACHE
> Task :spoon-analyzer:spotlessMiscCheck UP-TO-DATE
> Task :spoon-analyzer:spotlessCheck
> Task :code-transformation:spotlessJava
> Task :code-transformation:spotlessJavaCheck
> Task :code-transformation:spotlessMisc FROM-CACHE
> Task :code-transformation:spotlessMiscCheck UP-TO-DATE
> Task :code-transformation:spotlessCheck

> Task :commons:compileJava

> Task :matcher:compileJava
> Task :commons:processResources NO-SOURCE
> Task :matcher:processResources NO-SOURCE
> Task :commons:classes
> Task :matcher:classes
> Task :commons:spotlessGroovyGradle
> Task :matcher:spotlessGroovyGradle
> Task :commons:spotlessGroovyGradleCheck
> Task :matcher:spotlessGroovyGradleCheck
> Task :commons:jandex
> Task :matcher:jandex
> Task :matcher:spotlessJava
> Task :commons:spotlessJava
> Task :matcher:jar
> Task :matcher:assemble
> Task :matcher:spotlessJavaCheck
> Task :commons:jar
> Task :commons:assemble
> Task :commons:spotlessJavaCheck
> Task :matcher:spotlessMisc FROM-CACHE
> Task :matcher:spotlessMiscCheck UP-TO-DATE
> Task :matcher:spotlessCheck
> Task :matcher:compileTestJava NO-SOURCE
> Task :commons:spotlessMisc FROM-CACHE
> Task :matcher:processTestResources NO-SOURCE
> Task :matcher:testClasses UP-TO-DATE
> Task :commons:spotlessMiscCheck UP-TO-DATE
> Task :commons:spotlessCheck
> Task :matcher:test NO-SOURCE
> Task :matcher:check
> Task :matcher:build

> Task :spoon-analyzer:compileJava

> Task :commons:compileTestJava
> Task :commons:processTestResources NO-SOURCE
> Task :commons:testClasses

> Task :spoon-analyzer:compileJava

> Task :spoon-analyzer:classes
> Task :spoon-analyzer:jandex
> Task :spoon-analyzer:jar
> Task :spoon-analyzer:assemble

> Task :spoon-analyzer:compileTestJava

> Task :spoon-analyzer:testClasses
> Task :commons:test
> Task :commons:check
> Task :commons:build

> Task :code-transformation:compileJava

> Task :spoon-analyzer:test
> Task :spoon-analyzer:check
> Task :spoon-analyzer:build
> Task :code-transformation:classes
> Task :code-transformation:jandex
> Task :code-transformation:jar
> Task :code-transformation:startScripts
> Task :code-transformation:distTar
> Task :code-transformation:distZip
> Task :code-transformation:assemble

> Task :code-transformation:compileTestJava

> Task :code-transformation:testClasses
> Task :code-transformation:test
> Task :code-transformation:check
> Task :code-transformation:build
> Task :github-bot:quarkusGenerateCode
> Task :github-bot:quarkusGenerateCodeDev
> Task :github-bot:compileJava

> Task :github-bot:classes
> Task :github-bot:jandex
> Task :github-bot:quarkusGenerateCodeTests
> Task :github-bot:jar
> Task :github-bot:compileTestJava
> Task :github-bot:testClasses
Quinoa is disabled by default in tests.
> Task :github-bot:test

Reuse was requested but the environment does not support the reuse of containers
To enable reuse of containers, you must set testcontainers.reuse.enable=true in a file located at /home/compf/.testcontainers.properties

================================================================================
CDI: programmatic lookup problem detected
-----------------------------------------
At least one bean matched the required type and qualifiers but was marked as unused and removed during build

Stack frame: io.quarkus.hibernate.orm.runtime.customized.FormatMapperKind$2.create(FormatMapperKind.java:27)
Required type: interface jakarta.json.bind.Jsonb
Required qualifiers: [@jakarta.enterprise.inject.Default()]
Removed beans:
	- PRODUCER_METHOD bean io.quarkus.jsonb.JsonbProducer#jsonb() [types=[interface jakarta.json.bind.Jsonb, interface java.lang.AutoCloseable], qualifiers=null]
Solutions:
	- Application developers can eliminate false positives via the @Unremovable annotation
	- Extensions can eliminate false positives via build items, e.g. using the UnremovableBeanBuildItem
	- See also https://quarkus.io/guides/cdi-reference#remove_unused_beans
	- Enable the DEBUG log level to see the full stack trace
================================================================================

VertxTracer delegate not set. Will not submit this trace. SpanKind: RPC; Request: io.vertx.core.http.impl.HttpRequestHead@2a1e240a; Operation:GET.
VertxTracer delegate not set. Will not submit this trace. Response: io.vertx.core.http.impl.HttpResponseHead@357ad82d; Failure: null.
VertxTracer delegate not set. Will not submit this trace. SpanKind: RPC; Request: io.vertx.core.http.impl.HttpRequestHead@176a5e04; Operation:GET.
VertxTracer delegate not set. Will not submit this trace. Response: io.vertx.core.http.impl.HttpResponseHead@5ea818d9; Failure: null.
Datasource '<default>': JDBC resources leaked: 3 ResultSet(s) and 3 Statement(s)
Datasource '<default>': JDBC resources leaked: 1 ResultSet(s) and 1 Statement(s)
Datasource '<default>': JDBC resources leaked: 2 ResultSet(s) and 2 Statement(s)

> Task :github-bot:quarkusAppPartsBuild
> Task :github-bot:quarkusAppPartsBuild FAILED

Deprecated Gradle features were used in this build, making it incompatible with Gradle 9.0.

You can use '--warning-mode all' to show the individual deprecation warnings and determine if they come from your own scripts or plugins.

For more on this, please refer to https://docs.gradle.org/8.5/userguide/command_line_interface.html#sec:command_line_warnings in the Gradle documentation.
69 actionable tasks: 61 executed, 4 from cache, 4 up-to-date
