
FAILURE: Build failed with an exception.

* What went wrong:
Could not determine the dependencies of task ':android-test:extractDebugAnnotations'.
> SDK location not found. Define a valid SDK location with an ANDROID_HOME environment variable or by setting the sdk.dir path in your project's local properties file at '/home/compf/data/uni/master/sem4/data_clump_solver/cloned_projects/local.properties'.

* Try:
> Run with --stacktrace option to get the stack trace.
> Run with --info or --debug option to get more log output.
> Run with --scan to get full insights.
> Get more help at https://help.gradle.org.

BUILD FAILED in 2m 15s

Starting a Gradle Daemon, 6 incompatible Daemons could not be reused, use --status for details
Type-safe project accessors is an incubating feature.
Project accessors enabled, but root project name not explicitly set for 'buildSrc'. Checking out the project in different folders will impact the generated code and implicitly the buildscript classpath, breaking caching.
> Task :buildSrc:checkKotlinGradlePluginConfigurationErrors
> Task :buildSrc:pluginDescriptors
> Task :buildSrc:processResources NO-SOURCE
> Task :buildSrc:compileKotlin
> Task :buildSrc:compileJava NO-SOURCE
> Task :buildSrc:compileGroovy NO-SOURCE
> Task :buildSrc:classes UP-TO-DATE

> Task :buildSrc:jar
:jar: No valid plugin descriptors were found in META-INF/gradle-plugins

> Configure project :
w: file:///home/compf/data/uni/master/sem4/data_clump_solver/cloned_projects/build.gradle.kts:259:9: Variable 'publishingExtension' is never used

> Configure project :android-test
WARNING: The option setting 'android.experimental.lint.version=8.2.0' is experimental.

> Configure project :okcurl
w: file:///home/compf/data/uni/master/sem4/data_clump_solver/cloned_projects/okcurl/build.gradle.kts:15:10: 'getter for buildDir: File!' is deprecated. Deprecated in Java

> Configure project :okhttp
w: file:///home/compf/data/uni/master/sem4/data_clump_solver/cloned_projects/okhttp/build.gradle.kts:15:10: 'getter for buildDir: File!' is deprecated. Deprecated in Java
w: file:///home/compf/data/uni/master/sem4/data_clump_solver/cloned_projects/okhttp/build.gradle.kts:26:17: 'getter for buildDir: File!' is deprecated. Deprecated in Java
w: file:///home/compf/data/uni/master/sem4/data_clump_solver/cloned_projects/okhttp/build.gradle.kts:28:10: 'getter for buildDir: File!' is deprecated. Deprecated in Java
w: file:///home/compf/data/uni/master/sem4/data_clump_solver/cloned_projects/okhttp/build.gradle.kts:91:10: 'getter for buildDir: File!' is deprecated. Deprecated in Java

> Configure project :samples:tlssurvey
ksp-1.9.22-1.0.17 is too new for kotlin-1.9.21. Please upgrade kotlin-gradle-plugin to 1.9.22.
ksp-1.9.22-1.0.17 is too new for kotlin-1.9.21. Please upgrade kotlin-gradle-plugin to 1.9.22.
ksp-1.9.22-1.0.17 is too new for kotlin-1.9.21. Please upgrade kotlin-gradle-plugin to 1.9.22.
ksp-1.9.22-1.0.17 is too new for kotlin-1.9.21. Please upgrade kotlin-gradle-plugin to 1.9.22.

Deprecated Gradle features were used in this build, making it incompatible with Gradle 9.0.

You can use '--warning-mode all' to show the individual deprecation warnings and determine if they come from your own scripts or plugins.

For more on this, please refer to https://docs.gradle.org/8.5/userguide/command_line_interface.html#sec:command_line_warnings in the Gradle documentation.
4 actionable tasks: 4 executed
