startup failed:
/home/compf/data/uni/master/sem4/data_clump_solver/cloned_projects/buildSrc/src/main/groovy/org.sonar.build/BlackBoxTest.groovy: 5: Can't have an abstract method in a non-abstract class. The class 'org.sonar.build.BlackBoxTest' must be declared abstract or the method 'org.gradle.api.provider.Property getDryRun()' must be implemented.
 @ line 5, column 1.
   class BlackBoxTest extends Test {
   ^

1 error


FAILURE: Build failed with an exception.

* What went wrong:
Execution failed for task ':buildSrc:compileGroovy'.
> Compilation failed; see the compiler error output for details.

* Try:
> Run with --info option to get more log output.
> Run with --scan to get full insights.

BUILD FAILED in 14s

Starting a Gradle Daemon, 3 incompatible Daemons could not be reused, use --status for details
> Task :buildSrc:compileJava NO-SOURCE

> Task :buildSrc:compileGroovy

> Task :buildSrc:compileGroovy FAILED
1 actionable task: 1 executed
