Note: /home/compf/data/uni/master/sem4/data_clump_solver/cloned_projects/spotbugs-annotations/src/main/java/edu/umd/cs/findbugs/annotations/OverrideMustInvoke.java uses or overrides a deprecated API.
Note: Recompile with -Xlint:deprecation for details.
Note: Some input files use or override a deprecated API.
Note: Recompile with -Xlint:deprecation for details.
Note: Some input files use unchecked or unsafe operations.
Note: Recompile with -Xlint:unchecked for details.
Note: Some input files use or override a deprecated API.
Note: Recompile with -Xlint:deprecation for details.
Note: Some input files use or override a deprecated API.
Note: Recompile with -Xlint:deprecation for details.
Note: Some input files use unchecked or unsafe operations.
Note: Recompile with -Xlint:unchecked for details.
Note: Some input files use unchecked or unsafe operations.
Note: Recompile with -Xlint:unchecked for details.
/home/compf/data/uni/master/sem4/data_clump_solver/cloned_projects/spotbugs-ant/src/main/java/edu/umd/cs/findbugs/anttask/AbstractFindBugsTask.java:47: warning: no comment
    public static class SystemProperty {
                  ^
/home/compf/data/uni/master/sem4/data_clump_solver/cloned_projects/spotbugs-ant/src/main/java/edu/umd/cs/findbugs/anttask/AbstractFindBugsTask.java:42: warning: no comment
    public static final long DEFAULT_TIMEOUT = 1200000; // twenty minutes
                             ^
/home/compf/data/uni/master/sem4/data_clump_solver/cloned_projects/spotbugs-ant/src/main/java/edu/umd/cs/findbugs/anttask/AbstractFindBugsTask.java:96: warning: no comment
    public String execResultProperty = "edu.umd.cs.findbugs.anttask.AbstractFindBugsTask" + "." + RESULT_PROPERTY_SUFFIX;
                  ^
/home/compf/data/uni/master/sem4/data_clump_solver/cloned_projects/spotbugs-ant/src/main/java/edu/umd/cs/findbugs/anttask/AbstractFindBugsTask.java:40: warning: no comment
    public static final String FINDBUGS_JAR = "spotbugs.jar";
                               ^
/home/compf/data/uni/master/sem4/data_clump_solver/cloned_projects/spotbugs-ant/src/main/java/edu/umd/cs/findbugs/anttask/AbstractFindBugsTask.java:44: warning: no comment
    public static final String RESULT_PROPERTY_SUFFIX = "executeReturnCode";
                               ^
/home/compf/data/uni/master/sem4/data_clump_solver/cloned_projects/spotbugs-ant/src/main/java/edu/umd/cs/findbugs/anttask/AbstractFindBugsTask.java:52: warning: no comment
        public SystemProperty() {
               ^
/home/compf/data/uni/master/sem4/data_clump_solver/cloned_projects/spotbugs-ant/src/main/java/edu/umd/cs/findbugs/anttask/AbstractFindBugsTask.java:63: warning: no comment
        public String getName() {
                      ^
/home/compf/data/uni/master/sem4/data_clump_solver/cloned_projects/spotbugs-ant/src/main/java/edu/umd/cs/findbugs/anttask/AbstractFindBugsTask.java:67: warning: no comment
        public String getValue() {
                      ^
/home/compf/data/uni/master/sem4/data_clump_solver/cloned_projects/spotbugs-ant/src/main/java/edu/umd/cs/findbugs/anttask/AbstractFindBugsTask.java:55: warning: no comment
        public void setName(String name) {
                    ^
/home/compf/data/uni/master/sem4/data_clump_solver/cloned_projects/spotbugs-ant/src/main/java/edu/umd/cs/findbugs/anttask/AbstractFindBugsTask.java:59: warning: no comment
        public void setValue(String value) {
                    ^
/home/compf/data/uni/master/sem4/data_clump_solver/cloned_projects/spotbugs-ant/src/main/java/edu/umd/cs/findbugs/anttask/ComputeBugHistoryTask.java:51: warning: no comment
    public ComputeBugHistoryTask() {
           ^
/home/compf/data/uni/master/sem4/data_clump_solver/cloned_projects/spotbugs-ant/src/main/java/edu/umd/cs/findbugs/anttask/ComputeBugHistoryTask.java:66: warning: no comment
    public void setNoPackageMoves(boolean arg) {
                ^
/home/compf/data/uni/master/sem4/data_clump_solver/cloned_projects/spotbugs-ant/src/main/java/edu/umd/cs/findbugs/anttask/ComputeBugHistoryTask.java:58: warning: no comment
    public void setOutput(File arg) {
                ^
/home/compf/data/uni/master/sem4/data_clump_solver/cloned_projects/spotbugs-ant/src/main/java/edu/umd/cs/findbugs/anttask/ComputeBugHistoryTask.java:62: warning: no comment
    public void setOverrideRevisionNames(boolean arg) {
                ^
/home/compf/data/uni/master/sem4/data_clump_solver/cloned_projects/spotbugs-ant/src/main/java/edu/umd/cs/findbugs/anttask/ComputeBugHistoryTask.java:70: warning: no comment
    public void setPreciseMatch(boolean arg) {
                ^
/home/compf/data/uni/master/sem4/data_clump_solver/cloned_projects/spotbugs-ant/src/main/java/edu/umd/cs/findbugs/anttask/ComputeBugHistoryTask.java:74: warning: no comment
    public void setPrecisePriorityMatch(boolean arg) {
                ^
/home/compf/data/uni/master/sem4/data_clump_solver/cloned_projects/spotbugs-ant/src/main/java/edu/umd/cs/findbugs/anttask/ComputeBugHistoryTask.java:78: warning: no comment
    public void setQuiet(boolean arg) {
                ^
/home/compf/data/uni/master/sem4/data_clump_solver/cloned_projects/spotbugs-ant/src/main/java/edu/umd/cs/findbugs/anttask/ComputeBugHistoryTask.java:82: warning: no comment
    public void setWithMessages(boolean arg) {
                ^
/home/compf/data/uni/master/sem4/data_clump_solver/cloned_projects/spotbugs-ant/src/main/java/edu/umd/cs/findbugs/anttask/ConvertXmlToTextTask.java:54: warning: no main description
     * @param longBugCodes
       ^
/home/compf/data/uni/master/sem4/data_clump_solver/cloned_projects/spotbugs-ant/src/main/java/edu/umd/cs/findbugs/anttask/ConvertXmlToTextTask.java:62: warning: no main description
     * @param applySuppression
       ^
/home/compf/data/uni/master/sem4/data_clump_solver/cloned_projects/spotbugs-ant/src/main/java/edu/umd/cs/findbugs/anttask/ConvertXmlToTextTask.java:70: warning: no main description
     * @param input
       ^
/home/compf/data/uni/master/sem4/data_clump_solver/cloned_projects/spotbugs-ant/src/main/java/edu/umd/cs/findbugs/anttask/ConvertXmlToTextTask.java:78: warning: no main description
     * @param output
       ^
/home/compf/data/uni/master/sem4/data_clump_solver/cloned_projects/spotbugs-ant/src/main/java/edu/umd/cs/findbugs/anttask/ConvertXmlToTextTask.java:86: warning: no main description
     * @param input
       ^
/home/compf/data/uni/master/sem4/data_clump_solver/cloned_projects/spotbugs-ant/src/main/java/edu/umd/cs/findbugs/anttask/ConvertXmlToTextTask.java:94: warning: no main description
     * @param output
       ^
/home/compf/data/uni/master/sem4/data_clump_solver/cloned_projects/spotbugs-ant/src/main/java/edu/umd/cs/findbugs/anttask/ConvertXmlToTextTask.java:102: warning: no main description
     * @param format
       ^
/home/compf/data/uni/master/sem4/data_clump_solver/cloned_projects/spotbugs-ant/src/main/java/edu/umd/cs/findbugs/anttask/ConvertXmlToTextTask.java:110: warning: no main description
     * @param failIfBugFound true to 'fail' at the end if at least one bug is reported
       ^
/home/compf/data/uni/master/sem4/data_clump_solver/cloned_projects/spotbugs-ant/src/main/java/edu/umd/cs/findbugs/anttask/ConvertXmlToTextTask.java:47: warning: no comment
    public ConvertXmlToTextTask() {
           ^
/home/compf/data/uni/master/sem4/data_clump_solver/cloned_projects/spotbugs-ant/src/main/java/edu/umd/cs/findbugs/anttask/DataFile.java:34: warning: no main description
     * @param name
       ^
/home/compf/data/uni/master/sem4/data_clump_solver/cloned_projects/spotbugs-ant/src/main/java/edu/umd/cs/findbugs/anttask/DataFile.java:42: warning: no main description
     * @return Returns the name.
       ^
/home/compf/data/uni/master/sem4/data_clump_solver/cloned_projects/spotbugs-ant/src/main/java/edu/umd/cs/findbugs/anttask/DataFile.java:30: warning: no comment
    public DataFile() {
           ^
/home/compf/data/uni/master/sem4/data_clump_solver/cloned_projects/spotbugs-ant/src/main/java/edu/umd/cs/findbugs/anttask/FilterBugsTask.java:92: warning: no comment
    public FilterBugsTask() {
           ^
/home/compf/data/uni/master/sem4/data_clump_solver/cloned_projects/spotbugs-ant/src/main/java/edu/umd/cs/findbugs/anttask/FilterBugsTask.java:277: warning: no comment
    public void addBoolOption(String option, String value) {
                ^
/home/compf/data/uni/master/sem4/data_clump_solver/cloned_projects/spotbugs-ant/src/main/java/edu/umd/cs/findbugs/anttask/FilterBugsTask.java:98: warning: no comment
    public DataFile createDataFile() {
                    ^
/home/compf/data/uni/master/sem4/data_clump_solver/cloned_projects/spotbugs-ant/src/main/java/edu/umd/cs/findbugs/anttask/FilterBugsTask.java:176: warning: no comment
    public void setAbsent(String arg) {
                ^
/home/compf/data/uni/master/sem4/data_clump_solver/cloned_projects/spotbugs-ant/src/main/java/edu/umd/cs/findbugs/anttask/FilterBugsTask.java:180: warning: no comment
    public void setActive(String arg) {
                ^
/home/compf/data/uni/master/sem4/data_clump_solver/cloned_projects/spotbugs-ant/src/main/java/edu/umd/cs/findbugs/anttask/FilterBugsTask.java:152: warning: no comment
    public void setAfter(String arg) {
                ^
/home/compf/data/uni/master/sem4/data_clump_solver/cloned_projects/spotbugs-ant/src/main/java/edu/umd/cs/findbugs/anttask/FilterBugsTask.java:148: warning: no comment
    public void setAnnotation(String arg) {
                ^
/home/compf/data/uni/master/sem4/data_clump_solver/cloned_projects/spotbugs-ant/src/main/java/edu/umd/cs/findbugs/anttask/FilterBugsTask.java:140: warning: no comment
    public void setApplySuppression(String arg) {
                ^
/home/compf/data/uni/master/sem4/data_clump_solver/cloned_projects/spotbugs-ant/src/main/java/edu/umd/cs/findbugs/anttask/FilterBugsTask.java:156: warning: no comment
    public void setBefore(String arg) {
                ^
/home/compf/data/uni/master/sem4/data_clump_solver/cloned_projects/spotbugs-ant/src/main/java/edu/umd/cs/findbugs/anttask/FilterBugsTask.java:212: warning: no comment
    public void setBugPattern(String arg) {
                ^
/home/compf/data/uni/master/sem4/data_clump_solver/cloned_projects/spotbugs-ant/src/main/java/edu/umd/cs/findbugs/anttask/FilterBugsTask.java:216: warning: no comment
    public void setCategory(String arg) {
                ^
/home/compf/data/uni/master/sem4/data_clump_solver/cloned_projects/spotbugs-ant/src/main/java/edu/umd/cs/findbugs/anttask/FilterBugsTask.java:208: warning: no comment
    public void setClass(String arg) {
                ^
/home/compf/data/uni/master/sem4/data_clump_solver/cloned_projects/spotbugs-ant/src/main/java/edu/umd/cs/findbugs/anttask/FilterBugsTask.java:220: warning: no comment
    public void setDesignation(String arg) {
                ^
/home/compf/data/uni/master/sem4/data_clump_solver/cloned_projects/spotbugs-ant/src/main/java/edu/umd/cs/findbugs/anttask/FilterBugsTask.java:136: warning: no comment
    public void setExclude(String arg) {
                ^
/home/compf/data/uni/master/sem4/data_clump_solver/cloned_projects/spotbugs-ant/src/main/java/edu/umd/cs/findbugs/anttask/FilterBugsTask.java:228: warning: no comment
    public void setExcludeBugs(String arg) {
                ^
/home/compf/data/uni/master/sem4/data_clump_solver/cloned_projects/spotbugs-ant/src/main/java/edu/umd/cs/findbugs/anttask/FilterBugsTask.java:160: warning: no comment
    public void setFirst(String arg) {
                ^
/home/compf/data/uni/master/sem4/data_clump_solver/cloned_projects/spotbugs-ant/src/main/java/edu/umd/cs/findbugs/anttask/FilterBugsTask.java:168: warning: no comment
    public void setFixed(String arg) {
                ^
/home/compf/data/uni/master/sem4/data_clump_solver/cloned_projects/spotbugs-ant/src/main/java/edu/umd/cs/findbugs/anttask/FilterBugsTask.java:144: warning: no comment
    public void setInclude(String arg) {
                ^
/home/compf/data/uni/master/sem4/data_clump_solver/cloned_projects/spotbugs-ant/src/main/java/edu/umd/cs/findbugs/anttask/FilterBugsTask.java:114: warning: no comment
    public void setInput(String input) {
                ^
/home/compf/data/uni/master/sem4/data_clump_solver/cloned_projects/spotbugs-ant/src/main/java/edu/umd/cs/findbugs/anttask/FilterBugsTask.java:119: warning: no comment
    public void setInputFile(String input) {
                ^
/home/compf/data/uni/master/sem4/data_clump_solver/cloned_projects/spotbugs-ant/src/main/java/edu/umd/cs/findbugs/anttask/FilterBugsTask.java:184: warning: no comment
    public void setIntroducedByChange(String arg) {
                ^
/home/compf/data/uni/master/sem4/data_clump_solver/cloned_projects/spotbugs-ant/src/main/java/edu/umd/cs/findbugs/anttask/FilterBugsTask.java:164: warning: no comment
    public void setLast(String arg) {
                ^
/home/compf/data/uni/master/sem4/data_clump_solver/cloned_projects/spotbugs-ant/src/main/java/edu/umd/cs/findbugs/anttask/FilterBugsTask.java:204: warning: no comment
    public void setMaxRank(String arg) {
                ^
/home/compf/data/uni/master/sem4/data_clump_solver/cloned_projects/spotbugs-ant/src/main/java/edu/umd/cs/findbugs/anttask/FilterBugsTask.java:192: warning: no comment
    public void setNewCode(String arg) {
                ^
/home/compf/data/uni/master/sem4/data_clump_solver/cloned_projects/spotbugs-ant/src/main/java/edu/umd/cs/findbugs/anttask/FilterBugsTask.java:124: warning: no comment
    public void setNot(String arg) {
                ^
/home/compf/data/uni/master/sem4/data_clump_solver/cloned_projects/spotbugs-ant/src/main/java/edu/umd/cs/findbugs/anttask/FilterBugsTask.java:128: warning: no comment
    public void setNotAProblem(String arg) {
                ^
/home/compf/data/uni/master/sem4/data_clump_solver/cloned_projects/spotbugs-ant/src/main/java/edu/umd/cs/findbugs/anttask/FilterBugsTask.java:106: warning: no comment
    public void setOutput(File output) {
                ^
/home/compf/data/uni/master/sem4/data_clump_solver/cloned_projects/spotbugs-ant/src/main/java/edu/umd/cs/findbugs/anttask/FilterBugsTask.java:110: warning: no comment
    public void setOutputFile(File output) {
                ^
/home/compf/data/uni/master/sem4/data_clump_solver/cloned_projects/spotbugs-ant/src/main/java/edu/umd/cs/findbugs/anttask/FilterBugsTask.java:172: warning: no comment
    public void setPresent(String arg) {
                ^
/home/compf/data/uni/master/sem4/data_clump_solver/cloned_projects/spotbugs-ant/src/main/java/edu/umd/cs/findbugs/anttask/FilterBugsTask.java:200: warning: no comment
    public void setPriority(String arg) {
                ^
/home/compf/data/uni/master/sem4/data_clump_solver/cloned_projects/spotbugs-ant/src/main/java/edu/umd/cs/findbugs/anttask/FilterBugsTask.java:188: warning: no comment
    public void setRemovedByChange(String arg) {
                ^
/home/compf/data/uni/master/sem4/data_clump_solver/cloned_projects/spotbugs-ant/src/main/java/edu/umd/cs/findbugs/anttask/FilterBugsTask.java:196: warning: no comment
    public void setRemovedCode(String arg) {
                ^
/home/compf/data/uni/master/sem4/data_clump_solver/cloned_projects/spotbugs-ant/src/main/java/edu/umd/cs/findbugs/anttask/FilterBugsTask.java:224: warning: no comment
    public void setWithMessages(String arg) {
                ^
/home/compf/data/uni/master/sem4/data_clump_solver/cloned_projects/spotbugs-ant/src/main/java/edu/umd/cs/findbugs/anttask/FilterBugsTask.java:132: warning: no comment
    public void setWithSource(String arg) {
                ^
/home/compf/data/uni/master/sem4/data_clump_solver/cloned_projects/spotbugs-ant/src/main/java/edu/umd/cs/findbugs/anttask/FindBugsTask.java:183: warning: no comment
    public static class ClassLocation {
                  ^
/home/compf/data/uni/master/sem4/data_clump_solver/cloned_projects/spotbugs-ant/src/main/java/edu/umd/cs/findbugs/anttask/FindBugsTask.java:178: warning: no comment
    public FindBugsTask() {
           ^
/home/compf/data/uni/master/sem4/data_clump_solver/cloned_projects/spotbugs-ant/src/main/java/edu/umd/cs/findbugs/anttask/FindBugsTask.java:267: warning: no comment
    public void setAdjustPriority(String adjustPriorityString) {
                ^
/home/compf/data/uni/master/sem4/data_clump_solver/cloned_projects/spotbugs-ant/src/main/java/edu/umd/cs/findbugs/anttask/FindBugsTask.java:391: warning: no comment
    public void setMaxRank(int maxRank) {
                ^
/home/compf/data/uni/master/sem4/data_clump_solver/cloned_projects/spotbugs-ant/src/main/java/edu/umd/cs/findbugs/anttask/FindBugsTask.java:183: warning: use of default constructor, which does not provide a comment
    public static class ClassLocation {
                  ^
/home/compf/data/uni/master/sem4/data_clump_solver/cloned_projects/spotbugs-ant/src/main/java/edu/umd/cs/findbugs/anttask/FindBugsTask.java:190: warning: no comment
        public File getLocation() {
                    ^
/home/compf/data/uni/master/sem4/data_clump_solver/cloned_projects/spotbugs-ant/src/main/java/edu/umd/cs/findbugs/anttask/FindBugsTask.java:186: warning: no comment
        public void setLocation(File location) {
                    ^
/home/compf/data/uni/master/sem4/data_clump_solver/cloned_projects/spotbugs-ant/src/main/java/edu/umd/cs/findbugs/anttask/MineBugHistoryTask.java:44: warning: no comment
    public MineBugHistoryTask() {
           ^
/home/compf/data/uni/master/sem4/data_clump_solver/cloned_projects/spotbugs-ant/src/main/java/edu/umd/cs/findbugs/anttask/MineBugHistoryTask.java:106: warning: no comment
    public void addBoolOption(String option, String value) {
                ^
/home/compf/data/uni/master/sem4/data_clump_solver/cloned_projects/spotbugs-ant/src/main/java/edu/umd/cs/findbugs/anttask/MineBugHistoryTask.java:49: warning: no comment
    public DataFile createDataFile() {
                    ^
/home/compf/data/uni/master/sem4/data_clump_solver/cloned_projects/spotbugs-ant/src/main/java/edu/umd/cs/findbugs/anttask/MineBugHistoryTask.java:66: warning: no comment
    public void setFormatDates(String arg) {
                ^
/home/compf/data/uni/master/sem4/data_clump_solver/cloned_projects/spotbugs-ant/src/main/java/edu/umd/cs/findbugs/anttask/MineBugHistoryTask.java:61: warning: no comment
    public void setInput(String input) {
                ^
/home/compf/data/uni/master/sem4/data_clump_solver/cloned_projects/spotbugs-ant/src/main/java/edu/umd/cs/findbugs/anttask/MineBugHistoryTask.java:70: warning: no comment
    public void setNoTabs(String arg) {
                ^
/home/compf/data/uni/master/sem4/data_clump_solver/cloned_projects/spotbugs-ant/src/main/java/edu/umd/cs/findbugs/anttask/MineBugHistoryTask.java:57: warning: no comment
    public void setOutput(File output) {
                ^
/home/compf/data/uni/master/sem4/data_clump_solver/cloned_projects/spotbugs-ant/src/main/java/edu/umd/cs/findbugs/anttask/MineBugHistoryTask.java:74: warning: no comment
    public void setSummary(String arg) {
                ^
/home/compf/data/uni/master/sem4/data_clump_solver/cloned_projects/spotbugs-ant/src/main/java/edu/umd/cs/findbugs/anttask/SetBugDatabaseInfoTask.java:50: warning: no comment
    public SetBugDatabaseInfoTask() {
           ^
/home/compf/data/uni/master/sem4/data_clump_solver/cloned_projects/spotbugs-ant/src/main/java/edu/umd/cs/findbugs/anttask/SetBugDatabaseInfoTask.java:129: warning: no comment
    public void addBoolOption(String option, String value) {
                ^
/home/compf/data/uni/master/sem4/data_clump_solver/cloned_projects/spotbugs-ant/src/main/java/edu/umd/cs/findbugs/anttask/SetBugDatabaseInfoTask.java:79: warning: no comment
    public void setFindSource(String arg) {
                ^
/home/compf/data/uni/master/sem4/data_clump_solver/cloned_projects/spotbugs-ant/src/main/java/edu/umd/cs/findbugs/anttask/SetBugDatabaseInfoTask.java:67: warning: no comment
    public void setInput(String input) {
                ^
/home/compf/data/uni/master/sem4/data_clump_solver/cloned_projects/spotbugs-ant/src/main/java/edu/umd/cs/findbugs/anttask/SetBugDatabaseInfoTask.java:55: warning: no comment
    public void setName(String arg) {
                ^
/home/compf/data/uni/master/sem4/data_clump_solver/cloned_projects/spotbugs-ant/src/main/java/edu/umd/cs/findbugs/anttask/SetBugDatabaseInfoTask.java:63: warning: no comment
    public void setOutput(String output) {
                ^
/home/compf/data/uni/master/sem4/data_clump_solver/cloned_projects/spotbugs-ant/src/main/java/edu/umd/cs/findbugs/anttask/SetBugDatabaseInfoTask.java:87: warning: no comment
    public void setResetSource(String arg) {
                ^
/home/compf/data/uni/master/sem4/data_clump_solver/cloned_projects/spotbugs-ant/src/main/java/edu/umd/cs/findbugs/anttask/SetBugDatabaseInfoTask.java:75: warning: no comment
    public void setSource(String arg) {
                ^
/home/compf/data/uni/master/sem4/data_clump_solver/cloned_projects/spotbugs-ant/src/main/java/edu/umd/cs/findbugs/anttask/SetBugDatabaseInfoTask.java:71: warning: no comment
    public void setSuppress(String arg) {
                ^
/home/compf/data/uni/master/sem4/data_clump_solver/cloned_projects/spotbugs-ant/src/main/java/edu/umd/cs/findbugs/anttask/SetBugDatabaseInfoTask.java:59: warning: no comment
    public void setTimestamp(String arg) {
                ^
/home/compf/data/uni/master/sem4/data_clump_solver/cloned_projects/spotbugs-ant/src/main/java/edu/umd/cs/findbugs/anttask/SetBugDatabaseInfoTask.java:83: warning: no comment
    public void setWithMessages(String arg) {
                ^
/home/compf/data/uni/master/sem4/data_clump_solver/cloned_projects/spotbugs-ant/src/main/java/edu/umd/cs/findbugs/anttask/UnionBugs.java:53: warning: use of default constructor, which does not provide a comment
public class UnionBugs extends Task {
       ^
/home/compf/data/uni/master/sem4/data_clump_solver/cloned_projects/spotbugs-ant/src/main/java/edu/umd/cs/findbugs/anttask/UnionBugs2.java:53: warning: no comment
    public UnionBugs2() {
           ^
92 warnings
Note: Some input files use or override a deprecated API.
Note: Recompile with -Xlint:deprecation for details.
Note: Some input files use unchecked or unsafe operations.
Note: Recompile with -Xlint:unchecked for details.
Note: Some input files use or override a deprecated API.
Note: Recompile with -Xlint:deprecation for details.
Note: /home/compf/data/uni/master/sem4/data_clump_solver/cloned_projects/spotbugsTestCases/src/java11/Issue1771.java uses unchecked or unsafe operations.
Note: Recompile with -Xlint:unchecked for details.
Note: Some input files use or override a deprecated API.
Note: Recompile with -Xlint:deprecation for details.
/home/compf/data/uni/master/sem4/data_clump_solver/cloned_projects/test-harness/src/main/java/edu/umd/cs/findbugs/test/CountMatcher.java:8: warning: no main description
 * @since ?
   ^
/home/compf/data/uni/master/sem4/data_clump_solver/cloned_projects/test-harness/src/main/java/edu/umd/cs/findbugs/test/matcher/BugInstanceMatcher.java:36: warning: no comment
public class BugInstanceMatcher extends BaseMatcher<BugInstance> {
       ^
/home/compf/data/uni/master/sem4/data_clump_solver/cloned_projects/test-harness/src/main/java/edu/umd/cs/findbugs/test/matcher/BugInstanceMatcherBuilder.java:112: warning: no main description
     * @return Hamcrest Matcher
       ^
/home/compf/data/uni/master/sem4/data_clump_solver/cloned_projects/test-harness/src/main/java/edu/umd/cs/findbugs/test/matcher/BugInstanceMatcherBuilder.java:34: warning: use of default constructor, which does not provide a comment
public class BugInstanceMatcherBuilder {
       ^
/home/compf/data/uni/master/sem4/data_clump_solver/cloned_projects/test-harness/src/main/java/edu/umd/cs/findbugs/test/matcher/BugInstanceMatcherBuilder.java:62: warning: no comment
    public BugInstanceMatcherBuilder atField(String fieldName) {
                                     ^
/home/compf/data/uni/master/sem4/data_clump_solver/cloned_projects/test-harness/src/main/java/edu/umd/cs/findbugs/test/matcher/BugInstanceMatcherBuilder.java:106: warning: no comment
    public BugInstanceMatcherBuilder atJspLine(Integer jspLine) {
                                     ^
/home/compf/data/uni/master/sem4/data_clump_solver/cloned_projects/test-harness/src/main/java/edu/umd/cs/findbugs/test/matcher/BugInstanceMatcherBuilder.java:72: warning: no comment
    public BugInstanceMatcherBuilder atLine(int lineNumber) {
                                     ^
/home/compf/data/uni/master/sem4/data_clump_solver/cloned_projects/test-harness/src/main/java/edu/umd/cs/findbugs/test/matcher/BugInstanceMatcherBuilder.java:67: warning: no comment
    public BugInstanceMatcherBuilder atVariable(String variableName) {
                                     ^
/home/compf/data/uni/master/sem4/data_clump_solver/cloned_projects/test-harness/src/main/java/edu/umd/cs/findbugs/test/matcher/BugInstanceMatcherBuilder.java:47: warning: no comment
    public BugInstanceMatcherBuilder bugType(String bugType) {
                                     ^
/home/compf/data/uni/master/sem4/data_clump_solver/cloned_projects/test-harness/src/main/java/edu/umd/cs/findbugs/test/matcher/BugInstanceMatcherBuilder.java:52: warning: no comment
    public BugInstanceMatcherBuilder inClass(String className) {
                                     ^
/home/compf/data/uni/master/sem4/data_clump_solver/cloned_projects/test-harness/src/main/java/edu/umd/cs/findbugs/test/matcher/BugInstanceMatcherBuilder.java:101: warning: no comment
    public BugInstanceMatcherBuilder inJspFile(String jspFile) {
                                     ^
/home/compf/data/uni/master/sem4/data_clump_solver/cloned_projects/test-harness/src/main/java/edu/umd/cs/findbugs/test/matcher/BugInstanceMatcherBuilder.java:57: warning: no comment
    public BugInstanceMatcherBuilder inMethod(String methodName) {
                                     ^
/home/compf/data/uni/master/sem4/data_clump_solver/cloned_projects/test-harness/src/main/java/edu/umd/cs/findbugs/test/service/ClassFileLocator.java:30: warning: no main description
     * @param path
       ^
/home/compf/data/uni/master/sem4/data_clump_solver/cloned_projects/test-harness/src/main/java/edu/umd/cs/findbugs/test/service/ClassFileLocator.java:26: warning: no comment
public class ClassFileLocator {
       ^
/home/compf/data/uni/master/sem4/data_clump_solver/cloned_projects/test-harness/src/main/java/edu/umd/cs/findbugs/test/service/ClassFileLocator.java:26: warning: use of default constructor, which does not provide a comment
public class ClassFileLocator {
       ^
/home/compf/data/uni/master/sem4/data_clump_solver/cloned_projects/test-harness/src/main/java/edu/umd/cs/findbugs/test/service/ClassFileLocator.java:59: warning: no comment
    public String getJarFilePath(String path) {
                  ^
/home/compf/data/uni/master/sem4/data_clump_solver/cloned_projects/test-harness/src/main/java/edu/umd/cs/findbugs/test/service/ClassFileLocator.java:45: warning: no comment
    public String getJspFilePath(String path) {
                  ^
/home/compf/data/uni/master/sem4/data_clump_solver/cloned_projects/test-harness/src/main/java/edu/umd/cs/findbugs/test/CountMatcher.java:18: warning: no comment
    public CountMatcher(int count, Matcher<T> matcher) {
           ^
18 warnings
/home/compf/data/uni/master/sem4/data_clump_solver/cloned_projects/test-harness-core/src/main/java/edu/umd/cs/findbugs/test/AnalysisRunner.java:52: warning: use of default constructor, which does not provide a comment
public class AnalysisRunner {
       ^
/home/compf/data/uni/master/sem4/data_clump_solver/cloned_projects/test-harness-core/src/main/java/edu/umd/cs/findbugs/test/AnalysisRunner.java:78: warning: no comment
    public AnalysisRunner addAuxClasspathEntry(Path path) {
                          ^
/home/compf/data/uni/master/sem4/data_clump_solver/cloned_projects/test-harness-core/src/main/java/edu/umd/cs/findbugs/test/AnalysisRunner.java:88: warning: no comment
    public BugCollectionBugReporter run(Path... files) {
                                    ^
/home/compf/data/uni/master/sem4/data_clump_solver/cloned_projects/test-harness-core/src/main/java/edu/umd/cs/findbugs/test/AnalysisRunner.java:94: warning: no comment
    public BugCollectionBugReporter run(Consumer<IFindBugsEngine> engineCustomization, Path... files) {
                                    ^
/home/compf/data/uni/master/sem4/data_clump_solver/cloned_projects/test-harness-core/src/main/java/org/sonar/plugins/findbugs/resource/SmapParser.java:169: warning: no comment
    public static class FileInfo {
                  ^
/home/compf/data/uni/master/sem4/data_clump_solver/cloned_projects/test-harness-core/src/main/java/org/sonar/plugins/findbugs/resource/SmapParser.java:179: warning: no comment
    public static class SmapLocation {
                  ^
/home/compf/data/uni/master/sem4/data_clump_solver/cloned_projects/test-harness-core/src/main/java/org/sonar/plugins/findbugs/resource/SmapParser.java:80: warning: no comment
    public SmapParser(String smap) throws IOException {
           ^
/home/compf/data/uni/master/sem4/data_clump_solver/cloned_projects/test-harness-core/src/main/java/org/sonar/plugins/findbugs/resource/SmapParser.java:140: warning: no comment
    public String getJavaFilename() {
                  ^
/home/compf/data/uni/master/sem4/data_clump_solver/cloned_projects/test-harness-core/src/main/java/org/sonar/plugins/findbugs/resource/SmapParser.java:153: warning: no comment
    public List<Integer> getJavaLineNumbers(Integer jspLineNo) {
                         ^
/home/compf/data/uni/master/sem4/data_clump_solver/cloned_projects/test-harness-core/src/main/java/org/sonar/plugins/findbugs/resource/SmapParser.java:144: warning: no comment
    public String getScriptFilename(int fileIndex) {
                  ^
/home/compf/data/uni/master/sem4/data_clump_solver/cloned_projects/test-harness-core/src/main/java/org/sonar/plugins/findbugs/resource/SmapParser.java:149: warning: no comment
    public int[] getScriptLineNumber(Integer lineNo) {
                 ^
/home/compf/data/uni/master/sem4/data_clump_solver/cloned_projects/test-harness-core/src/main/java/org/sonar/plugins/findbugs/resource/SmapParser.java:163: warning: no comment
    public SmapLocation getSmapLocation(Integer lineNo) {
                        ^
/home/compf/data/uni/master/sem4/data_clump_solver/cloned_projects/test-harness-core/src/main/java/org/sonar/plugins/findbugs/resource/SmapParser.java:170: warning: no comment
        public final String name;
                            ^
/home/compf/data/uni/master/sem4/data_clump_solver/cloned_projects/test-harness-core/src/main/java/org/sonar/plugins/findbugs/resource/SmapParser.java:171: warning: no comment
        public final String path;
                            ^
/home/compf/data/uni/master/sem4/data_clump_solver/cloned_projects/test-harness-core/src/main/java/org/sonar/plugins/findbugs/resource/SmapParser.java:173: warning: no comment
        public FileInfo(String name, String path) {
               ^
/home/compf/data/uni/master/sem4/data_clump_solver/cloned_projects/test-harness-core/src/main/java/org/sonar/plugins/findbugs/resource/SmapParser.java:180: warning: no comment
        public final FileInfo fileInfo;
                              ^
/home/compf/data/uni/master/sem4/data_clump_solver/cloned_projects/test-harness-core/src/main/java/org/sonar/plugins/findbugs/resource/SmapParser.java:182: warning: no comment
        public final boolean isPrimaryFile;
                             ^
/home/compf/data/uni/master/sem4/data_clump_solver/cloned_projects/test-harness-core/src/main/java/org/sonar/plugins/findbugs/resource/SmapParser.java:181: warning: no comment
        public final int line;
                         ^
/home/compf/data/uni/master/sem4/data_clump_solver/cloned_projects/test-harness-core/src/main/java/org/sonar/plugins/findbugs/resource/SmapParser.java:184: warning: no comment
        public SmapLocation(FileInfo fileInfo, int line, boolean isPrimaryFile) {
               ^
19 warnings
/home/compf/data/uni/master/sem4/data_clump_solver/cloned_projects/test-harness-jupiter/src/main/java/edu/umd/cs/findbugs/test/SpotBugsExtension.java:21: warning: use of default constructor, which does not provide a comment
public class SpotBugsExtension implements ParameterResolver {
       ^
/home/compf/data/uni/master/sem4/data_clump_solver/cloned_projects/test-harness-jupiter/src/main/java/edu/umd/cs/findbugs/test/SpotBugsRunner.java:20: warning: use of default constructor, which does not provide a comment
public class SpotBugsRunner {
       ^
2 warnings

593 tests completed, 1 failed, 3 skipped

FAILURE: Build failed with an exception.

* What went wrong:
Execution failed for task ':spotbugs-tests:test'.
> There were failing tests. See the report at: file:///home/compf/data/uni/master/sem4/data_clump_solver/cloned_projects/spotbugs-tests/build/reports/tests/test/index.html

BUILD FAILED in 11m

Starting a Gradle Daemon, 4 incompatible Daemons could not be reused, use --status for details
> Task :buildSrc:checkKotlinGradlePluginConfigurationErrors
> Task :buildSrc:generateExternalPluginSpecBuilders
> Task :buildSrc:extractPrecompiledScriptPluginPlugins
> Task :buildSrc:compilePluginsBlocks
> Task :buildSrc:generatePrecompiledScriptPluginAccessors
> Task :buildSrc:generateScriptPluginAdapters
> Task :buildSrc:pluginDescriptors
> Task :buildSrc:processResources
> Task :buildSrc:compileKotlin
> Task :buildSrc:compileJava NO-SOURCE
> Task :buildSrc:compileGroovy NO-SOURCE
> Task :buildSrc:classes
> Task :buildSrc:jar

> Configure project :
The 'sonarqube' task depends on compile tasks. This behavior is now deprecated and will be removed in version 5.x. To avoid implicit compilation, set property 'sonar.gradle.skipCompile' to 'true' and make sure your project is compiled, before analysis has started.
The 'sonar' task depends on compile tasks. This behavior is now deprecated and will be removed in version 5.x. To avoid implicit compilation, set property 'sonar.gradle.skipCompile' to 'true' and make sure your project is compiled, before analysis has started.

> Configure project :eclipsePlugin
We strongly recommend that you migrate
  from 'com.diffplug.eclipse.mavencentral'
    to 'dev.equo.p2deps'
The new plugin is faster and works seamlessly with both mavencentral
and all p2 repositories (e.g. CDT, WTP, m2e, gradle buildship, etc.)

For more info: https://github.com/equodev/equo-ide/tree/main/plugin-gradle#user-plugins

You can silence this warning with
```
eclipseMavenCentral {
  silenceEquoIDE()
  ...
```
Create local.properties to build eclipse site

> Configure project :eclipsePlugin-junit
We strongly recommend that you migrate
  from 'com.diffplug.eclipse.mavencentral'
    to 'dev.equo.p2deps'
The new plugin is faster and works seamlessly with both mavencentral
and all p2 repositories (e.g. CDT, WTP, m2e, gradle buildship, etc.)

For more info: https://github.com/equodev/equo-ide/tree/main/plugin-gradle#user-plugins

You can silence this warning with
```
eclipseMavenCentral {
  silenceEquoIDE()
  ...
```

> Configure project :eclipsePlugin-test
We strongly recommend that you migrate
  from 'com.diffplug.eclipse.mavencentral'
    to 'dev.equo.p2deps'
The new plugin is faster and works seamlessly with both mavencentral
and all p2 repositories (e.g. CDT, WTP, m2e, gradle buildship, etc.)

For more info: https://github.com/equodev/equo-ide/tree/main/plugin-gradle#user-plugins

You can silence this warning with
```
eclipseMavenCentral {
  silenceEquoIDE()
  ...
```

> Configure project :spotbugs
The signing key and password are null. This can be ignored if this is a pull request.

> Configure project :spotbugs-annotations
The signing key and password are null. This can be ignored if this is a pull request.

> Configure project :spotbugs-ant
The signing key and password are null. This can be ignored if this is a pull request.

> Configure project :test-harness
The signing key and password are null. This can be ignored if this is a pull request.

> Configure project :test-harness-core
The signing key and password are null. This can be ignored if this is a pull request.

> Configure project :test-harness-jupiter
The signing key and password are null. This can be ignored if this is a pull request.
skip tests for Java 21 features

> Task :compileJava NO-SOURCE
> Task :processResources NO-SOURCE
> Task :classes UP-TO-DATE
> Task :jar
> Task :assemble
> Task :spotbugsMain NO-SOURCE
> Task :compileTestJava NO-SOURCE
> Task :processTestResources NO-SOURCE
> Task :testClasses UP-TO-DATE
> Task :spotbugsTest NO-SOURCE
> Task :test NO-SOURCE
> Task :jacocoTestReport SKIPPED
> Task :check UP-TO-DATE
> Task :build
> Task :eclipsePlugin:unzipPdeTool

> Task :spotbugs-annotations:compileJava

> Task :spotbugs:compileJava

> Task :spotbugs:processResources
> Task :spotbugs:classes
> Task :spotbugs-annotations:processResources NO-SOURCE
> Task :spotbugs-annotations:classes
> Task :spotbugs-annotations:jar

> Task :spotbugs:compileGuiJava

> Task :spotbugs:processGuiResources
> Task :spotbugs:guiClasses
> Task :spotbugs:copyLibsForEclipse
> Task :spotbugs:updateManifest
> Task :spotbugs:jar
> Task :eclipsePlugin:compileJava

> Task :eclipsePlugin:processResources
> Task :eclipsePlugin:classes
> Task :eclipsePlugin:copyLibsForEclipse
> Task :eclipsePlugin:updateManifest
> Task :eclipsePlugin:jar
> Task :eclipsePlugin:assemble
> Task :eclipsePlugin:compileTestJava NO-SOURCE
> Task :eclipsePlugin:processTestResources NO-SOURCE
> Task :eclipsePlugin:testClasses UP-TO-DATE
> Task :eclipsePlugin:spotbugsTest NO-SOURCE
> Task :spotlessInternalRegisterDependencies
> Task :eclipsePlugin:spotlessJava
> Task :eclipsePlugin:spotlessJavaCheck
> Task :eclipsePlugin:spotlessCheck
> Task :eclipsePlugin:test NO-SOURCE
> Task :eclipsePlugin-junit:unzipPdeTool
> Task :eclipsePlugin-junit:compileJava NO-SOURCE
> Task :eclipsePlugin-junit:processResources NO-SOURCE
> Task :eclipsePlugin-junit:classes UP-TO-DATE
> Task :eclipsePlugin-junit:jar
> Task :eclipsePlugin-junit:assemble
> Task :eclipsePlugin-junit:checkstyleMain NO-SOURCE
> Task :eclipsePlugin-junit:compileTestJava
> Task :eclipsePlugin-junit:processTestResources NO-SOURCE
> Task :eclipsePlugin-junit:testClasses
> Task :eclipsePlugin-junit:spotbugsMain NO-SOURCE
> Task :eclipsePlugin-junit:spotlessJava
> Task :eclipsePlugin-junit:spotlessJavaCheck
> Task :eclipsePlugin-junit:spotlessCheck
> Task :eclipsePlugin-junit:test
> Task :eclipsePlugin-junit:jacocoTestReport SKIPPED
> Task :eclipsePlugin-test:unzipPdeTool
> Task :test-harness-core:compileJava
> Task :test-harness:compileJava

> Task :eclipsePlugin-test:compileJava

> Task :eclipsePlugin-test:processResources
> Task :eclipsePlugin-test:classes
> Task :eclipsePlugin-test:jar
> Task :eclipsePlugin-test:sourcesJar
> Task :eclipsePlugin-test:assemble
> Task :eclipsePlugin-test:compileTestJava NO-SOURCE
> Task :eclipsePlugin-test:processTestResources NO-SOURCE
> Task :eclipsePlugin-test:testClasses UP-TO-DATE
> Task :eclipsePlugin-test:checkstyleTest NO-SOURCE
> Task :eclipsePlugin-test:spotbugsTest NO-SOURCE
> Task :eclipsePlugin-test:spotlessJava
> Task :eclipsePlugin-test:spotlessJavaCheck
> Task :eclipsePlugin-test:spotlessCheck
> Task :test-harness:processResources NO-SOURCE
> Task :test-harness:classes
> Task :test-harness:jar
> Task :test-harness-core:processResources NO-SOURCE
> Task :test-harness-core:classes
> Task :test-harness-core:jar
> Task :eclipsePlugin-test:test NO-SOURCE
> Task :spotbugs:scripts
> Task :spotbugs-ant:compileJava
> Task :spotbugs-ant:processResources
> Task :spotbugs-ant:classes
> Task :spotbugs-ant:jar
> Task :eclipsePlugin-junit:checkstyleTest
> Task :eclipsePlugin:spotbugsMain
> Task :spotbugs:distTar
> Task :eclipsePlugin-test:checkstyleMain
> Task :eclipsePlugin-junit:spotbugsTest
> Task :spotbugs:distZip
> Task :eclipsePlugin-junit:check
> Task :eclipsePlugin-junit:build
> Task :spotbugs:assembleDist
> Task :spotbugs:distSrcZip
> Task :eclipsePlugin-test:spotbugsMain
SpotBugs ended with exit code 1

> Task :eclipsePlugin:spotbugsMain
SpotBugs ended with exit code 1

> Task :spotbugs:javadoc
Javadoc: too many warnings, only first 3 are shown, see #340!

> Task :eclipsePlugin:check
> Task :eclipsePlugin:build
> Task :eclipsePlugin-test:check
> Task :eclipsePlugin-test:build
> Task :spotbugs:javadocJar
> Task :spotbugs:sourcesJar
> Task :spotbugs:assemble
> Task :spotbugs:compileTestJava NO-SOURCE
> Task :spotbugs:processTestResources NO-SOURCE
> Task :spotbugs:testClasses UP-TO-DATE
> Task :spotbugs:checkstyleTest NO-SOURCE
> Task :spotbugs:spotbugsTest NO-SOURCE
> Task :spotbugs:checkstyleGui
> Task :spotbugs:checkstyleMain
> Task :spotbugs:spotlessJava
> Task :spotbugs:spotlessJavaCheck
> Task :spotbugs:spotlessCheck
> Task :spotbugs:test NO-SOURCE
> Task :spotbugs:jacocoTestReport SKIPPED
> Task :spotbugs:spotbugsGui
> Task :spotbugs:spotbugsMain

> Task :spotbugs-annotations:javadoc
Javadoc: "missing" warnings are disabled, see #340!

> Task :spotbugs-annotations:javadocJar
> Task :spotbugs-annotations:sourcesJar
> Task :spotbugs-annotations:assemble
> Task :spotbugs-annotations:compileTestJava NO-SOURCE
> Task :spotbugs-annotations:processTestResources NO-SOURCE
> Task :spotbugs-annotations:testClasses UP-TO-DATE
> Task :spotbugs-annotations:checkstyleTest NO-SOURCE
> Task :spotbugs-annotations:spotbugsTest NO-SOURCE
> Task :spotbugs-annotations:spotlessJava
> Task :spotbugs-annotations:spotlessJavaCheck
> Task :spotbugs-annotations:spotlessCheck
> Task :spotbugs-annotations:test NO-SOURCE
> Task :spotbugs-annotations:checkstyleMain

> Task :spotbugs-ant:javadoc

> Task :spotbugs-ant:javadocJar
> Task :spotbugs-ant:sourcesJar
> Task :spotbugs-ant:assemble
> Task :spotbugs-ant:checkstyleMain
> Task :spotbugs-ant:compileTestJava
> Task :spotbugs-ant:processTestResources
> Task :spotbugs-ant:testClasses
> Task :spotbugs-ant:checkstyleTest
> Task :spotbugs-ant:spotlessJava
> Task :spotbugs-ant:spotlessJavaCheck
> Task :spotbugs-ant:spotlessCheck
> Task :spotbugs-ant:test
> Task :spotbugs-ant:jacocoTestReport SKIPPED
> Task :spotbugs-annotations:spotbugsMain
> Task :spotbugs-ant:spotbugsMain
> Task :spotbugs-ant:spotbugsTest

> Task :spotbugsTestCases:compileJava

> Task :spotbugs-annotations:check
> Task :spotbugs-annotations:build
> Task :spotbugs-ant:check
> Task :spotbugs-ant:build
> Task :spotbugsTestCases:compileGroovy
> Task :test-harness-jupiter:compileJava
> Task :spotbugs-tests:compileJava NO-SOURCE
> Task :spotbugs-tests:processResources NO-SOURCE
> Task :spotbugs-tests:classes UP-TO-DATE
> Task :spotbugs-tests:jar
> Task :spotbugs-tests:sourcesJar
> Task :spotbugs-tests:assemble
> Task :spotbugs-tests:checkstyleMain NO-SOURCE

> Task :spotbugs-tests:compileTestJava

> Task :spotbugs-tests:processTestResources NO-SOURCE
> Task :spotbugs-tests:testClasses
> Task :spotbugs-tests:spotbugsMain NO-SOURCE
> Task :spotbugs-tests:checkstyleTest
> Task :spotbugs-tests:spotlessJava
> Task :spotbugs-tests:spotlessJavaCheck
> Task :spotbugs-tests:spotlessCheck

> Task :spotbugsTestCases:classesJava11

> Task :spotbugsTestCases:classesJava17

> Task :spotbugsTestCases:classesJava8

> Task :spotbugsTestCases:processResources NO-SOURCE
> Task :spotbugsTestCases:classes
> Task :spotbugsTestCases:jar
> Task :test-harness-jupiter:processResources
> Task :test-harness-jupiter:classes
> Task :test-harness-jupiter:jar

> Task :spotbugs-tests:unstableTest

PlaceholderTest > testFormatWithKey() PASSED

MutableClassesTest > testImmutable() PASSED

MutableClassesTest > testKnownMutable() PASSED

MutableClassesTest > testArray() PASSED

MutableClassesTest > testAnnotatedImmutable() PASSED

MutableClassesTest > testKnownImmutablePackage() PASSED

MutableClassesTest > testKnownImmutable() PASSED

MutableClassesTest > testEnumsAreImmutable() PASSED

MutableClassesTest > testMutable() PASSED

MutableClassesTest > testImmutableValuedBased() PASSED

MutableClassesTest > testErrorProneImmutable() PASSED

MutableClassesTest > testLocale() PASSED

> Task :spotbugsTestCases:assemble
> Task :spotbugsTestCases:compileTestJava NO-SOURCE
> Task :spotbugsTestCases:compileTestGroovy NO-SOURCE
> Task :spotbugsTestCases:processTestResources NO-SOURCE
> Task :spotbugsTestCases:testClasses UP-TO-DATE
> Task :spotbugsTestCases:spotbugsTest NO-SOURCE
> Task :spotbugsTestCases:test NO-SOURCE

> Task :test-harness:javadoc

> Task :spotbugs-tests:spotbugsTest

> Task :test-harness:javadoc

> Task :test-harness:javadocJar
> Task :test-harness:sourcesJar
> Task :test-harness:assemble
> Task :test-harness:compileTestJava NO-SOURCE
> Task :test-harness:processTestResources NO-SOURCE
> Task :test-harness:testClasses UP-TO-DATE
> Task :test-harness:checkstyleTest NO-SOURCE
> Task :test-harness:spotbugsTest NO-SOURCE
> Task :test-harness:checkstyleMain
> Task :test-harness:spotlessJava
> Task :test-harness:spotlessJavaCheck
> Task :test-harness:spotlessCheck
> Task :test-harness:test NO-SOURCE

> Task :test-harness-core:javadoc

> Task :test-harness-core:javadocJar
> Task :test-harness-core:sourcesJar
> Task :test-harness-core:assemble
> Task :test-harness-core:compileTestJava NO-SOURCE
> Task :test-harness-core:processTestResources NO-SOURCE
> Task :test-harness-core:testClasses UP-TO-DATE
> Task :test-harness-core:checkstyleTest NO-SOURCE
> Task :test-harness-core:spotbugsTest NO-SOURCE
> Task :test-harness-core:spotlessJava
> Task :test-harness-core:spotlessJavaCheck
> Task :test-harness-core:spotlessCheck
> Task :test-harness-core:test NO-SOURCE
> Task :test-harness-core:checkstyleMain

> Task :test-harness-jupiter:javadoc

> Task :spotbugs-tests:spotbugsTest
SpotBugs ended with exit code 1

> Task :test-harness-jupiter:javadoc

> Task :test-harness-jupiter:javadocJar
> Task :test-harness-jupiter:sourcesJar
> Task :test-harness-jupiter:assemble
> Task :test-harness-jupiter:compileTestJava
> Task :test-harness-jupiter:processTestResources NO-SOURCE
> Task :test-harness-jupiter:testClasses
> Task :test-harness-jupiter:checkstyleMain
> Task :test-harness-jupiter:spotlessJava
> Task :test-harness-jupiter:spotlessJavaCheck
> Task :test-harness-jupiter:spotlessCheck
> Task :test-harness-jupiter:checkstyleTest
> Task :spotbugsTestCases:spotbugsMain
> Task :test-harness:spotbugsMain
> Task :test-harness-core:spotbugsMain
> Task :test-harness-jupiter:spotbugsTest
> Task :test-harness-jupiter:spotbugsMain
> Task :test-harness-jupiter:test
> Task :test-harness:check
> Task :test-harness:build
> Task :test-harness-core:check
> Task :test-harness-core:build
> Task :test-harness-jupiter:jacocoTestReport
> Task :test-harness-jupiter:check
> Task :test-harness-jupiter:build

> Task :spotbugsTestCases:spotbugsMain
SpotBugs ended with exit code 1

> Task :spotbugsTestCases:check
> Task :spotbugsTestCases:build
> Task :spotbugs-tests:test

Issue2782Test > testIssue() FAILED
    java.lang.AssertionError: ../java21/Issue2782.class not found
        at edu.umd.cs.findbugs.AbstractIntegrationTest.lambda$getFindbugsTestCasesFile$2(AbstractIntegrationTest.java:97)
        at java.base/java.util.Optional.orElseThrow(Optional.java:403)
        at edu.umd.cs.findbugs.AbstractIntegrationTest.getFindbugsTestCasesFile(AbstractIntegrationTest.java:97)
        at java.base/java.util.stream.ReferencePipeline$3$1.accept(ReferencePipeline.java:197)
        at java.base/java.util.Spliterators$ArraySpliterator.forEachRemaining(Spliterators.java:1006)
        at java.base/java.util.stream.AbstractPipeline.copyInto(AbstractPipeline.java:509)
        at java.base/java.util.stream.AbstractPipeline.wrapAndCopyInto(AbstractPipeline.java:499)
        at java.base/java.util.stream.AbstractPipeline.evaluate(AbstractPipeline.java:575)
        at java.base/java.util.stream.AbstractPipeline.evaluateToArrayNode(AbstractPipeline.java:260)
        at java.base/java.util.stream.ReferencePipeline.toArray(ReferencePipeline.java:616)
        at edu.umd.cs.findbugs.AbstractIntegrationTest.performAnalysis(AbstractIntegrationTest.java:129)
        at edu.umd.cs.findbugs.detect.Issue2782Test.testIssue(Issue2782Test.java:18)

> Task :spotbugs-tests:test FAILED
> Task :spotbugs-tests:jacocoTestReport

Deprecated Gradle features were used in this build, making it incompatible with Gradle 9.0.

You can use '--warning-mode all' to show the individual deprecation warnings and determine if they come from your own scripts or plugins.

For more on this, please refer to https://docs.gradle.org/8.5/userguide/command_line_interface.html#sec:command_line_warnings in the Gradle documentation.
132 actionable tasks: 132 executed
